Using pre-set license
Built from '2020.3/staging' branch; Version is '2020.3.6f1 (338bb68529b2) revision 3378102'; Using compiler version '192528614'; Build Type 'Release'
OS: 'Windows 10 Pro; OS build 19042.1052; Version 2009; 64bit' Language: 'pt' Physical Memory: 32606 MB
BatchMode: 1, IsHumanControllingUs: 0, StartBugReporterOnCrash: 0, Is64bit: 1, IsPro: 0

 COMMAND LINE ARGUMENTS:
C:\Program Files\Unity\Hub\Editor\2020.3.6f1\Editor\Unity.exe
-adb2
-batchMode
-noUpm
-name
AssetImportWorker0
-projectPath
C:/Users/alice/Documents/TutorialRoguelike/New Unity Project
-logFile
Logs/AssetImportWorker0.log
-srvPort
55626
Successfully changed project path to: C:/Users/alice/Documents/TutorialRoguelike/New Unity Project
C:/Users/alice/Documents/TutorialRoguelike/New Unity Project
Using Asset Import Pipeline V2.
Refreshing native plugins compatible for Editor in 34.35 ms, found 1 plugins.
Preloading 0 native plugins for Editor in 0.00 ms.
Initialize engine version: 2020.3.6f1 (338bb68529b2)
[Subsystems] Discovering subsystems at path C:/Program Files/Unity/Hub/Editor/2020.3.6f1/Editor/Data/Resources/UnitySubsystems
[Subsystems] Discovering subsystems at path C:/Users/alice/Documents/TutorialRoguelike/New Unity Project/Assets
GfxDevice: creating device client; threaded=0
Direct3D:
    Version:  Direct3D 11.0 [level 11.1]
    Renderer: NVIDIA GeForce GTX 1650 Ti (ID=0x1f95)
    Vendor:   
    VRAM:     3962 MB
    Driver:   30.0.14.7111
Initialize mono
Mono path[0] = 'C:/Program Files/Unity/Hub/Editor/2020.3.6f1/Editor/Data/Managed'
Mono path[1] = 'C:/Program Files/Unity/Hub/Editor/2020.3.6f1/Editor/Data/MonoBleedingEdge/lib/mono/unityjit'
Mono config path = 'C:/Program Files/Unity/Hub/Editor/2020.3.6f1/Editor/Data/MonoBleedingEdge/etc'
Using monoOptions --debugger-agent=transport=dt_socket,embedding=1,server=y,suspend=n,address=127.0.0.1:56532
Begin MonoManager ReloadAssembly
Registering precompiled unity dll's ...
Register platform support module: C:/Program Files/Unity/Hub/Editor/2020.3.6f1/Editor/Data/PlaybackEngines/WindowsStandaloneSupport/UnityEditor.WindowsStandalone.Extensions.dll
Registered in 0.001537 seconds.
Native extension for WindowsStandalone target not found
Refreshing native plugins compatible for Editor in 35.94 ms, found 1 plugins.
Preloading 0 native plugins for Editor in 0.00 ms.
Mono: successfully reloaded assembly
- Completed reload, in  1.428 seconds
Platform modules already initialized, skipping
Registering precompiled user dll's ...
Registered in 0.000847 seconds.
Begin MonoManager ReloadAssembly
Native extension for WindowsStandalone target not found
Refreshing native plugins compatible for Editor in 34.88 ms, found 1 plugins.
Preloading 0 native plugins for Editor in 0.00 ms.
Mono: successfully reloaded assembly
- Completed reload, in  0.835 seconds
Platform modules already initialized, skipping
========================================================================
Worker process is ready to serve import requests
Launched and connected shader compiler UnityShaderCompiler.exe after 0.03 seconds
Refreshing native plugins compatible for Editor in 0.35 ms, found 1 plugins.
Preloading 0 native plugins for Editor in 0.00 ms.
Unloading 2104 Unused Serialized files (Serialized files now loaded: 0)
System memory in use before: 95.6 MB.
System memory in use after: 95.5 MB.

Unloading 26 unused Assets to reduce memory usage. Loaded Objects now: 2548.
Total: 2.167800 ms (FindLiveObjects: 0.231800 ms CreateObjectMapping: 0.135100 ms MarkObjects: 1.700100 ms  DeleteObjects: 0.100000 ms)

========================================================================
Received Import Request.
  path: Assets/Script
  artifactKey: Guid(100c9615abe1eae43a80142a32d63afa) Importer(815301076,1909f56bfc062723c751e8b465ee728b)
Start importing Assets/Script using Guid(100c9615abe1eae43a80142a32d63afa) Importer(815301076,1909f56bfc062723c751e8b465ee728b)  -> (artifact id: '40d22860540de5e37e81dd3b7e672e8b') in 0.007855 seconds
  Import took 0.010498 seconds .

========================================================================
Received Import Request.
  Time since last request: 15.709034 seconds.
  path: Assets/Script/Input
  artifactKey: Guid(69c25fe503038804680c128b673542eb) Importer(815301076,1909f56bfc062723c751e8b465ee728b)
Start importing Assets/Script/Input using Guid(69c25fe503038804680c128b673542eb) Importer(815301076,1909f56bfc062723c751e8b465ee728b)  -> (artifact id: '9577f26c50534fb9bae9a50289378c02') in 0.007751 seconds
  Import took 0.011043 seconds .

========================================================================
Received Import Request.
  Time since last request: 37.037978 seconds.
  path: Assets/Script/Input/PlayerActions.inputactions
  artifactKey: Guid(d3161c9216ed1914ca97ce1cbeccfee8) Importer(815301076,1909f56bfc062723c751e8b465ee728b)
Start importing Assets/Script/Input/PlayerActions.inputactions using Guid(d3161c9216ed1914ca97ce1cbeccfee8) Importer(815301076,1909f56bfc062723c751e8b465ee728b)  -> (artifact id: '9ed225c826602c73a9ba10ac8a3eb965') in 0.029561 seconds
  Import took 0.033334 seconds .

========================================================================
Received Import Request.
  Time since last request: 0.001245 seconds.
  path: Assets/Script/Input/PlayerActions.inputactions
  artifactKey: Guid(d3161c9216ed1914ca97ce1cbeccfee8) Importer(815301076,1909f56bfc062723c751e8b465ee728b)
Start importing Assets/Script/Input/PlayerActions.inputactions using Guid(d3161c9216ed1914ca97ce1cbeccfee8) Importer(815301076,1909f56bfc062723c751e8b465ee728b)  -> (artifact id: '9ed225c826602c73a9ba10ac8a3eb965') in 0.003125 seconds
  Import took 0.006119 seconds .

========================================================================
Received Import Request.
  Time since last request: 210.714314 seconds.
  path: Assets/Script/Input/PlayerActions.inputactions
  artifactKey: Guid(d3161c9216ed1914ca97ce1cbeccfee8) Importer(815301076,1909f56bfc062723c751e8b465ee728b)
Start importing Assets/Script/Input/PlayerActions.inputactions using Guid(d3161c9216ed1914ca97ce1cbeccfee8) Importer(815301076,1909f56bfc062723c751e8b465ee728b)  -> (artifact id: 'f94a5ca21a9b157df76ca6baf014e834') in 0.004479 seconds
  Import took 0.008911 seconds .

========================================================================
Received Import Request.
  Time since last request: 0.008242 seconds.
  path: Assets/Script/Input/PlayerActions.inputactions
  artifactKey: Guid(d3161c9216ed1914ca97ce1cbeccfee8) Importer(815301076,1909f56bfc062723c751e8b465ee728b)
Start importing Assets/Script/Input/PlayerActions.inputactions using Guid(d3161c9216ed1914ca97ce1cbeccfee8) Importer(815301076,1909f56bfc062723c751e8b465ee728b)  -> (artifact id: 'f94a5ca21a9b157df76ca6baf014e834') in 0.002113 seconds
  Import took 0.005535 seconds .

========================================================================
Received Import Request.
  Time since last request: 16.430322 seconds.
  path: Assets/Script/Input/PlayerActions.inputactions
  artifactKey: Guid(d3161c9216ed1914ca97ce1cbeccfee8) Importer(815301076,1909f56bfc062723c751e8b465ee728b)
Start importing Assets/Script/Input/PlayerActions.inputactions using Guid(d3161c9216ed1914ca97ce1cbeccfee8) Importer(815301076,1909f56bfc062723c751e8b465ee728b)  -> (artifact id: '7502e587c037c5b0cc57fbdfcfa03e98') in 0.002623 seconds
  Import took 0.005995 seconds .

========================================================================
Received Import Request.
  Time since last request: 0.011048 seconds.
  path: Assets/Script/Input/PlayerActions.inputactions
  artifactKey: Guid(d3161c9216ed1914ca97ce1cbeccfee8) Importer(815301076,1909f56bfc062723c751e8b465ee728b)
Start importing Assets/Script/Input/PlayerActions.inputactions using Guid(d3161c9216ed1914ca97ce1cbeccfee8) Importer(815301076,1909f56bfc062723c751e8b465ee728b)  -> (artifact id: '7502e587c037c5b0cc57fbdfcfa03e98') in 0.003061 seconds
  Import took 0.006217 seconds .

========================================================================
Received Import Request.
  Time since last request: 57.254284 seconds.
  path: Assets/Script/Input/PlayerActions.cs
  artifactKey: Guid(30c6c2318ecc2584c833a564799e325e) Importer(815301076,1909f56bfc062723c751e8b465ee728b)
Start importing Assets/Script/Input/PlayerActions.cs using Guid(30c6c2318ecc2584c833a564799e325e) Importer(815301076,1909f56bfc062723c751e8b465ee728b)  -> (artifact id: '51f8f6cbcb2fabdbbfa38c6e1bd1049a') in 0.010455 seconds
  Import took 0.014000 seconds .

========================================================================
Received Prepare
Registering precompiled user dll's ...
Registered in 0.000749 seconds.
Begin MonoManager ReloadAssembly
Native extension for WindowsStandalone target not found
Refreshing native plugins compatible for Editor in 0.34 ms, found 1 plugins.
Preloading 0 native plugins for Editor in 0.00 ms.
Mono: successfully reloaded assembly
- Completed reload, in  0.745 seconds
Platform modules already initialized, skipping
Refreshing native plugins compatible for Editor in 0.35 ms, found 1 plugins.
Preloading 0 native plugins for Editor in 0.00 ms.
Unloading 2099 Unused Serialized files (Serialized files now loaded: 0)
System memory in use before: 95.7 MB.
System memory in use after: 95.7 MB.

Unloading 12 unused Assets to reduce memory usage. Loaded Objects now: 2552.
Total: 2.000100 ms (FindLiveObjects: 0.178600 ms CreateObjectMapping: 0.070700 ms MarkObjects: 1.618600 ms  DeleteObjects: 0.131500 ms)

========================================================================
Received Import Request.
  Time since last request: 46.969835 seconds.
  path: Assets/Script/Input/PlayerActions.inputactions
  artifactKey: Guid(d3161c9216ed1914ca97ce1cbeccfee8) Importer(815301076,1909f56bfc062723c751e8b465ee728b)
Start importing Assets/Script/Input/PlayerActions.inputactions using Guid(d3161c9216ed1914ca97ce1cbeccfee8) Importer(815301076,1909f56bfc062723c751e8b465ee728b)  -> (artifact id: '03331cfbc00f6d559703622cb3893469') in 0.016524 seconds
  Import took 0.019918 seconds .

========================================================================
Received Prepare
Registering precompiled user dll's ...
Registered in 0.001553 seconds.
Begin MonoManager ReloadAssembly
Native extension for WindowsStandalone target not found
Refreshing native plugins compatible for Editor in 0.35 ms, found 1 plugins.
Preloading 0 native plugins for Editor in 0.00 ms.
Mono: successfully reloaded assembly
- Completed reload, in  0.763 seconds
Platform modules already initialized, skipping
Refreshing native plugins compatible for Editor in 0.34 ms, found 1 plugins.
Preloading 0 native plugins for Editor in 0.00 ms.
Unloading 2100 Unused Serialized files (Serialized files now loaded: 0)
System memory in use before: 95.8 MB.
System memory in use after: 95.8 MB.

Unloading 12 unused Assets to reduce memory usage. Loaded Objects now: 2557.
Total: 1.862500 ms (FindLiveObjects: 0.165100 ms CreateObjectMapping: 0.052900 ms MarkObjects: 1.555400 ms  DeleteObjects: 0.088200 ms)

========================================================================
Received Import Request.
  Time since last request: 1446.775085 seconds.
  path: Assets/Script/PlayerMovement.cs
  artifactKey: Guid(04b813163b7fcdc4b8987b01fcc84127) Importer(815301076,1909f56bfc062723c751e8b465ee728b)
Start importing Assets/Script/PlayerMovement.cs using Guid(04b813163b7fcdc4b8987b01fcc84127) Importer(815301076,1909f56bfc062723c751e8b465ee728b)  -> (artifact id: 'bae05da74e5b18b299bda7842db9d37a') in 0.009046 seconds
  Import took 0.012329 seconds .

========================================================================
Received Prepare
Registering precompiled user dll's ...
Registered in 0.000916 seconds.
Begin MonoManager ReloadAssembly
Native extension for WindowsStandalone target not found
Refreshing native plugins compatible for Editor in 0.34 ms, found 1 plugins.
Preloading 0 native plugins for Editor in 0.00 ms.
Mono: successfully reloaded assembly
- Completed reload, in  0.833 seconds
Platform modules already initialized, skipping
Refreshing native plugins compatible for Editor in 0.43 ms, found 1 plugins.
Preloading 0 native plugins for Editor in 0.00 ms.
Unloading 2101 Unused Serialized files (Serialized files now loaded: 0)
System memory in use before: 95.8 MB.
System memory in use after: 95.8 MB.

Unloading 12 unused Assets to reduce memory usage. Loaded Objects now: 2562.
Total: 2.865100 ms (FindLiveObjects: 0.270000 ms CreateObjectMapping: 0.157800 ms MarkObjects: 2.342300 ms  DeleteObjects: 0.094200 ms)

========================================================================
Received Prepare
Registering precompiled user dll's ...
Registered in 0.000821 seconds.
Begin MonoManager ReloadAssembly
Native extension for WindowsStandalone target not found
Refreshing native plugins compatible for Editor in 0.35 ms, found 1 plugins.
Preloading 0 native plugins for Editor in 0.00 ms.
Mono: successfully reloaded assembly
- Completed reload, in  0.799 seconds
Platform modules already initialized, skipping
Refreshing native plugins compatible for Editor in 0.35 ms, found 1 plugins.
Preloading 0 native plugins for Editor in 0.00 ms.
Unloading 2101 Unused Serialized files (Serialized files now loaded: 0)
System memory in use before: 95.8 MB.
System memory in use after: 95.8 MB.

Unloading 12 unused Assets to reduce memory usage. Loaded Objects now: 2566.
Total: 1.968700 ms (FindLiveObjects: 0.185500 ms CreateObjectMapping: 0.081900 ms MarkObjects: 1.598900 ms  DeleteObjects: 0.101400 ms)

========================================================================
Received Import Request.
  Time since last request: 1027.586730 seconds.
  path: Assets/Script/PlayerMovement.cs
  artifactKey: Guid(04b813163b7fcdc4b8987b01fcc84127) Importer(815301076,1909f56bfc062723c751e8b465ee728b)
Start importing Assets/Script/PlayerMovement.cs using Guid(04b813163b7fcdc4b8987b01fcc84127) Importer(815301076,1909f56bfc062723c751e8b465ee728b)  -> (artifact id: '621e09b4cf883dc7f8e923745ac8fc60') in 0.008594 seconds
  Import took 0.012615 seconds .

========================================================================
Received Import Request.
  Time since last request: 142.441195 seconds.
  path: Assets/Script/Input/PlayerInputActions.cs
  artifactKey: Guid(14ebf7c10730f9e44ab8c507b5bdfce5) Importer(815301076,1909f56bfc062723c751e8b465ee728b)
Start importing Assets/Script/Input/PlayerInputActions.cs using Guid(14ebf7c10730f9e44ab8c507b5bdfce5) Importer(815301076,1909f56bfc062723c751e8b465ee728b)  -> (artifact id: 'e5660b81a8968930a92aa0873e5f7a49') in 0.007456 seconds
  Import took 0.010653 seconds .

========================================================================
Received Import Request.
  Time since last request: 32.750014 seconds.
  path: Assets/Script/Input/PlayerActions.inputactions
  artifactKey: Guid(d3161c9216ed1914ca97ce1cbeccfee8) Importer(815301076,1909f56bfc062723c751e8b465ee728b)
Start importing Assets/Script/Input/PlayerActions.inputactions using Guid(d3161c9216ed1914ca97ce1cbeccfee8) Importer(815301076,1909f56bfc062723c751e8b465ee728b)  -> (artifact id: '5a29111e9261d1da0ebdaa2760665c0e') in 0.014872 seconds
  Import took 0.018824 seconds .

========================================================================
Received Import Request.
  Time since last request: 142.676369 seconds.
  path: Assets/Script/Input/PlayerActions.inputactions
  artifactKey: Guid(d3161c9216ed1914ca97ce1cbeccfee8) Importer(815301076,1909f56bfc062723c751e8b465ee728b)
Start importing Assets/Script/Input/PlayerActions.inputactions using Guid(d3161c9216ed1914ca97ce1cbeccfee8) Importer(815301076,1909f56bfc062723c751e8b465ee728b)  -> (artifact id: 'e3f8cc2ca4496344f3cbfa098692d52f') in 0.002376 seconds
  Import took 0.005572 seconds .

========================================================================
Received Import Request.
  Time since last request: 0.013049 seconds.
  path: Assets/Script/Input/PlayerActions.inputactions
  artifactKey: Guid(d3161c9216ed1914ca97ce1cbeccfee8) Importer(815301076,1909f56bfc062723c751e8b465ee728b)
Start importing Assets/Script/Input/PlayerActions.inputactions using Guid(d3161c9216ed1914ca97ce1cbeccfee8) Importer(815301076,1909f56bfc062723c751e8b465ee728b)  -> (artifact id: 'e3f8cc2ca4496344f3cbfa098692d52f') in 0.003097 seconds
  Import took 0.006638 seconds .

========================================================================
Received Import Request.
  Time since last request: 3.445836 seconds.
  path: Assets/Script/PlayerMovement.cs
  artifactKey: Guid(04b813163b7fcdc4b8987b01fcc84127) Importer(815301076,1909f56bfc062723c751e8b465ee728b)
Start importing Assets/Script/PlayerMovement.cs using Guid(04b813163b7fcdc4b8987b01fcc84127) Importer(815301076,1909f56bfc062723c751e8b465ee728b)  -> (artifact id: '4eac5988006a22174bfffead43865a69') in 0.002332 seconds
  Import took 0.005341 seconds .

========================================================================
Received Import Request.
  Time since last request: 10.864921 seconds.
  path: Assets/Script/PlayerMovement.cs
  artifactKey: Guid(04b813163b7fcdc4b8987b01fcc84127) Importer(815301076,1909f56bfc062723c751e8b465ee728b)
Start importing Assets/Script/PlayerMovement.cs using Guid(04b813163b7fcdc4b8987b01fcc84127) Importer(815301076,1909f56bfc062723c751e8b465ee728b)  -> (artifact id: '841c7bc5919a52d7fd5efb4e38847132') in 0.002045 seconds
  Import took 0.005330 seconds .

========================================================================
Received Import Request.
  Time since last request: 0.553097 seconds.
  path: Assets/Script/PlayerMovement.cs
  artifactKey: Guid(04b813163b7fcdc4b8987b01fcc84127) Importer(815301076,1909f56bfc062723c751e8b465ee728b)
Start importing Assets/Script/PlayerMovement.cs using Guid(04b813163b7fcdc4b8987b01fcc84127) Importer(815301076,1909f56bfc062723c751e8b465ee728b)  -> (artifact id: '4dd43cab9a4640d4003983bdcb0ddbb1') in 0.002331 seconds
  Import took 0.005847 seconds .

========================================================================
Received Prepare
Registering precompiled user dll's ...
Registered in 0.000816 seconds.
Begin MonoManager ReloadAssembly
Native extension for WindowsStandalone target not found
Refreshing native plugins compatible for Editor in 0.35 ms, found 1 plugins.
Preloading 0 native plugins for Editor in 0.00 ms.
Mono: successfully reloaded assembly
- Completed reload, in  0.803 seconds
Platform modules already initialized, skipping
Refreshing native plugins compatible for Editor in 0.34 ms, found 1 plugins.
Preloading 0 native plugins for Editor in 0.00 ms.
Unloading 2101 Unused Serialized files (Serialized files now loaded: 0)
System memory in use before: 95.8 MB.
System memory in use after: 95.8 MB.

Unloading 13 unused Assets to reduce memory usage. Loaded Objects now: 2570.
Total: 1.892900 ms (FindLiveObjects: 0.200100 ms CreateObjectMapping: 0.091400 ms MarkObjects: 1.511500 ms  DeleteObjects: 0.089300 ms)

========================================================================
Received Prepare
Registering precompiled user dll's ...
Registered in 0.001185 seconds.
Begin MonoManager ReloadAssembly
Native extension for WindowsStandalone target not found
Refreshing native plugins compatible for Editor in 0.40 ms, found 1 plugins.
Preloading 0 native plugins for Editor in 0.00 ms.
Mono: successfully reloaded assembly
- Completed reload, in  0.784 seconds
Platform modules already initialized, skipping
Refreshing native plugins compatible for Editor in 0.35 ms, found 1 plugins.
Preloading 0 native plugins for Editor in 0.00 ms.
Unloading 2101 Unused Serialized files (Serialized files now loaded: 0)
System memory in use before: 95.8 MB.
System memory in use after: 95.8 MB.

Unloading 12 unused Assets to reduce memory usage. Loaded Objects now: 2574.
Total: 2.186400 ms (FindLiveObjects: 0.293600 ms CreateObjectMapping: 0.082400 ms MarkObjects: 1.704900 ms  DeleteObjects: 0.104600 ms)

========================================================================
Received Import Request.
  Time since last request: 81.488020 seconds.
  path: Assets/Script/Input/PlayerActionsDiferente.cs
  artifactKey: Guid(4d04964c95a4837439c90face6a49a50) Importer(815301076,1909f56bfc062723c751e8b465ee728b)
Start importing Assets/Script/Input/PlayerActionsDiferente.cs using Guid(4d04964c95a4837439c90face6a49a50) Importer(815301076,1909f56bfc062723c751e8b465ee728b)  -> (artifact id: '45924845acebe425b09eb617b4132736') in 0.008691 seconds
  Import took 0.011869 seconds .

========================================================================
Received Import Request.
  Time since last request: 0.023579 seconds.
  path: Assets/Script/Input/PlayerActionsDiferente.cs
  artifactKey: Guid(4d04964c95a4837439c90face6a49a50) Importer(815301076,1909f56bfc062723c751e8b465ee728b)
Start importing Assets/Script/Input/PlayerActionsDiferente.cs using Guid(4d04964c95a4837439c90face6a49a50) Importer(815301076,1909f56bfc062723c751e8b465ee728b)  -> (artifact id: '45924845acebe425b09eb617b4132736') in 0.002234 seconds
  Import took 0.005554 seconds .

========================================================================
Received Prepare
Registering precompiled user dll's ...
Registered in 0.000779 seconds.
Begin MonoManager ReloadAssembly
Native extension for WindowsStandalone target not found
Refreshing native plugins compatible for Editor in 0.34 ms, found 1 plugins.
Preloading 0 native plugins for Editor in 0.00 ms.
Mono: successfully reloaded assembly
- Completed reload, in  0.758 seconds
Platform modules already initialized, skipping
Refreshing native plugins compatible for Editor in 0.35 ms, found 1 plugins.
Preloading 0 native plugins for Editor in 0.00 ms.
Unloading 2101 Unused Serialized files (Serialized files now loaded: 0)
System memory in use before: 95.9 MB.
System memory in use after: 95.8 MB.

Unloading 12 unused Assets to reduce memory usage. Loaded Objects now: 2578.
Total: 2.530000 ms (FindLiveObjects: 0.239400 ms CreateObjectMapping: 0.073800 ms MarkObjects: 2.052900 ms  DeleteObjects: 0.145900 ms)

========================================================================
Received Prepare
Registering precompiled user dll's ...
Registered in 0.001375 seconds.
Begin MonoManager ReloadAssembly
Native extension for WindowsStandalone target not found
Refreshing native plugins compatible for Editor in 0.53 ms, found 1 plugins.
Preloading 0 native plugins for Editor in 0.00 ms.
Mono: successfully reloaded assembly
- Completed reload, in  0.900 seconds
Platform modules already initialized, skipping
Refreshing native plugins compatible for Editor in 0.45 ms, found 1 plugins.
Preloading 0 native plugins for Editor in 0.00 ms.
Unloading 2101 Unused Serialized files (Serialized files now loaded: 0)
System memory in use before: 95.9 MB.
System memory in use after: 95.8 MB.

Unloading 12 unused Assets to reduce memory usage. Loaded Objects now: 2582.
Total: 2.273700 ms (FindLiveObjects: 0.226300 ms CreateObjectMapping: 0.104700 ms MarkObjects: 1.846300 ms  DeleteObjects: 0.095500 ms)

========================================================================
Received Prepare
Registering precompiled user dll's ...
Registered in 0.000954 seconds.
Begin MonoManager ReloadAssembly
Native extension for WindowsStandalone target not found
Refreshing native plugins compatible for Editor in 0.41 ms, found 1 plugins.
Preloading 0 native plugins for Editor in 0.00 ms.
Mono: successfully reloaded assembly
- Completed reload, in  0.809 seconds
Platform modules already initialized, skipping
Refreshing native plugins compatible for Editor in 0.35 ms, found 1 plugins.
Preloading 0 native plugins for Editor in 0.00 ms.
Unloading 2101 Unused Serialized files (Serialized files now loaded: 0)
System memory in use before: 95.9 MB.
System memory in use after: 95.9 MB.

Unloading 12 unused Assets to reduce memory usage. Loaded Objects now: 2586.
Total: 2.023700 ms (FindLiveObjects: 0.199500 ms CreateObjectMapping: 0.074700 ms MarkObjects: 1.655600 ms  DeleteObjects: 0.092800 ms)

========================================================================
Received Prepare
Registering precompiled user dll's ...
Registered in 0.000851 seconds.
Begin MonoManager ReloadAssembly
Native extension for WindowsStandalone target not found
Refreshing native plugins compatible for Editor in 0.32 ms, found 1 plugins.
Preloading 0 native plugins for Editor in 0.00 ms.
Mono: successfully reloaded assembly
- Completed reload, in  0.792 seconds
Platform modules already initialized, skipping
Refreshing native plugins compatible for Editor in 0.42 ms, found 1 plugins.
Preloading 0 native plugins for Editor in 0.00 ms.
Unloading 2101 Unused Serialized files (Serialized files now loaded: 0)
System memory in use before: 95.9 MB.
System memory in use after: 95.9 MB.

Unloading 12 unused Assets to reduce memory usage. Loaded Objects now: 2590.
Total: 1.858500 ms (FindLiveObjects: 0.203400 ms CreateObjectMapping: 0.088200 ms MarkObjects: 1.475300 ms  DeleteObjects: 0.090800 ms)

========================================================================
Received Prepare
Registering precompiled user dll's ...
Registered in 0.000744 seconds.
Begin MonoManager ReloadAssembly
Native extension for WindowsStandalone target not found
Refreshing native plugins compatible for Editor in 0.42 ms, found 1 plugins.
Preloading 0 native plugins for Editor in 0.00 ms.
Mono: successfully reloaded assembly
- Completed reload, in  0.776 seconds
Platform modules already initialized, skipping
Refreshing native plugins compatible for Editor in 0.36 ms, found 1 plugins.
Preloading 0 native plugins for Editor in 0.00 ms.
Unloading 2101 Unused Serialized files (Serialized files now loaded: 0)
System memory in use before: 95.9 MB.
System memory in use after: 95.9 MB.

Unloading 12 unused Assets to reduce memory usage. Loaded Objects now: 2594.
Total: 2.574900 ms (FindLiveObjects: 0.254800 ms CreateObjectMapping: 0.098200 ms MarkObjects: 2.104000 ms  DeleteObjects: 0.116300 ms)

========================================================================
Received Prepare
Registering precompiled user dll's ...
Registered in 0.000982 seconds.
Begin MonoManager ReloadAssembly
Native extension for WindowsStandalone target not found
Refreshing native plugins compatible for Editor in 0.37 ms, found 1 plugins.
Preloading 0 native plugins for Editor in 0.00 ms.
Mono: successfully reloaded assembly
- Completed reload, in  0.796 seconds
Platform modules already initialized, skipping
Refreshing native plugins compatible for Editor in 0.44 ms, found 1 plugins.
Preloading 0 native plugins for Editor in 0.00 ms.
Unloading 2101 Unused Serialized files (Serialized files now loaded: 0)
System memory in use before: 95.9 MB.
System memory in use after: 95.9 MB.

Unloading 12 unused Assets to reduce memory usage. Loaded Objects now: 2598.
Total: 2.255400 ms (FindLiveObjects: 0.223900 ms CreateObjectMapping: 0.099500 ms MarkObjects: 1.823100 ms  DeleteObjects: 0.108100 ms)

========================================================================
Received Prepare
Registering precompiled user dll's ...
Registered in 0.000806 seconds.
Begin MonoManager ReloadAssembly
Native extension for WindowsStandalone target not found
Refreshing native plugins compatible for Editor in 0.37 ms, found 1 plugins.
Preloading 0 native plugins for Editor in 0.00 ms.
Mono: successfully reloaded assembly
- Completed reload, in  0.754 seconds
Platform modules already initialized, skipping
Refreshing native plugins compatible for Editor in 0.35 ms, found 1 plugins.
Preloading 0 native plugins for Editor in 0.00 ms.
Unloading 2101 Unused Serialized files (Serialized files now loaded: 0)
System memory in use before: 95.9 MB.
System memory in use after: 95.9 MB.

Unloading 12 unused Assets to reduce memory usage. Loaded Objects now: 2602.
Total: 1.962900 ms (FindLiveObjects: 0.213200 ms CreateObjectMapping: 0.106200 ms MarkObjects: 1.552500 ms  DeleteObjects: 0.089900 ms)

========================================================================
Received Import Request.
  Time since last request: 330.401663 seconds.
  path: Assets/Script/Input/PlayerActions.inputactions
  artifactKey: Guid(d3161c9216ed1914ca97ce1cbeccfee8) Importer(815301076,1909f56bfc062723c751e8b465ee728b)
Start importing Assets/Script/Input/PlayerActions.inputactions using Guid(d3161c9216ed1914ca97ce1cbeccfee8) Importer(815301076,1909f56bfc062723c751e8b465ee728b)  -> (artifact id: 'f0ab64817d447564260728e98e7aaf69') in 0.018174 seconds
  Import took 0.022197 seconds .

========================================================================
Received Import Request.
  Time since last request: 0.000561 seconds.
  path: Assets/Script/Input/PlayerActions.inputactions
  artifactKey: Guid(d3161c9216ed1914ca97ce1cbeccfee8) Importer(815301076,1909f56bfc062723c751e8b465ee728b)
Start importing Assets/Script/Input/PlayerActions.inputactions using Guid(d3161c9216ed1914ca97ce1cbeccfee8) Importer(815301076,1909f56bfc062723c751e8b465ee728b)  -> (artifact id: 'f0ab64817d447564260728e98e7aaf69') in 0.002511 seconds
  Import took 0.005354 seconds .

========================================================================
Received Prepare
Registering precompiled user dll's ...
Registered in 0.000888 seconds.
Begin MonoManager ReloadAssembly
Native extension for WindowsStandalone target not found
Refreshing native plugins compatible for Editor in 0.35 ms, found 1 plugins.
Preloading 0 native plugins for Editor in 0.00 ms.
Mono: successfully reloaded assembly
- Completed reload, in  0.805 seconds
Platform modules already initialized, skipping
Refreshing native plugins compatible for Editor in 0.35 ms, found 1 plugins.
Preloading 0 native plugins for Editor in 0.00 ms.
Unloading 2101 Unused Serialized files (Serialized files now loaded: 0)
System memory in use before: 95.9 MB.
System memory in use after: 95.9 MB.

Unloading 12 unused Assets to reduce memory usage. Loaded Objects now: 2606.
Total: 2.262100 ms (FindLiveObjects: 0.262000 ms CreateObjectMapping: 0.087800 ms MarkObjects: 1.782600 ms  DeleteObjects: 0.129100 ms)

========================================================================
Received Prepare
Registering precompiled user dll's ...
Registered in 0.001287 seconds.
Begin MonoManager ReloadAssembly
Native extension for WindowsStandalone target not found
Refreshing native plugins compatible for Editor in 0.34 ms, found 1 plugins.
Preloading 0 native plugins for Editor in 0.00 ms.
Mono: successfully reloaded assembly
- Completed reload, in  0.748 seconds
Platform modules already initialized, skipping
Refreshing native plugins compatible for Editor in 0.38 ms, found 1 plugins.
Preloading 0 native plugins for Editor in 0.00 ms.
Unloading 2101 Unused Serialized files (Serialized files now loaded: 0)
System memory in use before: 95.9 MB.
System memory in use after: 95.9 MB.

Unloading 12 unused Assets to reduce memory usage. Loaded Objects now: 2610.
Total: 2.296600 ms (FindLiveObjects: 0.199000 ms CreateObjectMapping: 0.094800 ms MarkObjects: 1.906400 ms  DeleteObjects: 0.095700 ms)

========================================================================
Received Prepare
Registering precompiled user dll's ...
Registered in 0.000967 seconds.
Begin MonoManager ReloadAssembly
Native extension for WindowsStandalone target not found
Refreshing native plugins compatible for Editor in 0.44 ms, found 1 plugins.
Preloading 0 native plugins for Editor in 0.00 ms.
Mono: successfully reloaded assembly
- Completed reload, in  0.882 seconds
Platform modules already initialized, skipping
Refreshing native plugins compatible for Editor in 0.42 ms, found 1 plugins.
Preloading 0 native plugins for Editor in 0.00 ms.
Unloading 2101 Unused Serialized files (Serialized files now loaded: 0)
System memory in use before: 95.9 MB.
System memory in use after: 95.9 MB.

Unloading 12 unused Assets to reduce memory usage. Loaded Objects now: 2614.
Total: 2.175300 ms (FindLiveObjects: 0.248800 ms CreateObjectMapping: 0.108400 ms MarkObjects: 1.718800 ms  DeleteObjects: 0.098200 ms)

========================================================================
Received Prepare
Registering precompiled user dll's ...
Registered in 0.000901 seconds.
Begin MonoManager ReloadAssembly
Native extension for WindowsStandalone target not found
Refreshing native plugins compatible for Editor in 0.34 ms, found 1 plugins.
Preloading 0 native plugins for Editor in 0.00 ms.
Mono: successfully reloaded assembly
- Completed reload, in  0.779 seconds
Platform modules already initialized, skipping
Refreshing native plugins compatible for Editor in 0.34 ms, found 1 plugins.
Preloading 0 native plugins for Editor in 0.00 ms.
Unloading 2101 Unused Serialized files (Serialized files now loaded: 0)
System memory in use before: 96.0 MB.
System memory in use after: 95.9 MB.

Unloading 12 unused Assets to reduce memory usage. Loaded Objects now: 2618.
Total: 2.400300 ms (FindLiveObjects: 0.438300 ms CreateObjectMapping: 0.160900 ms MarkObjects: 1.704000 ms  DeleteObjects: 0.096200 ms)

========================================================================
Received Import Request.
  Time since last request: 46.277491 seconds.
  path: Assets/Script/Input/PlayerActionsDiferente.cs
  artifactKey: Guid(4d04964c95a4837439c90face6a49a50) Importer(815301076,1909f56bfc062723c751e8b465ee728b)
Start importing Assets/Script/Input/PlayerActionsDiferente.cs using Guid(4d04964c95a4837439c90face6a49a50) Importer(815301076,1909f56bfc062723c751e8b465ee728b)  -> (artifact id: '8064784bc14175a66cdf9b19b186190c') in 0.004239 seconds
  Import took 0.007133 seconds .

========================================================================
Received Import Request.
  Time since last request: 0.025288 seconds.
  path: Assets/Script/Input/PlayerActionsDiferente.cs
  artifactKey: Guid(4d04964c95a4837439c90face6a49a50) Importer(815301076,1909f56bfc062723c751e8b465ee728b)
Start importing Assets/Script/Input/PlayerActionsDiferente.cs using Guid(4d04964c95a4837439c90face6a49a50) Importer(815301076,1909f56bfc062723c751e8b465ee728b)  -> (artifact id: '8064784bc14175a66cdf9b19b186190c') in 0.002806 seconds
  Import took 0.006436 seconds .

========================================================================
Received Import Request.
  Time since last request: 19.469616 seconds.
  path: Assets/Script/Input/PlayerActions.inputactions
  artifactKey: Guid(d3161c9216ed1914ca97ce1cbeccfee8) Importer(815301076,1909f56bfc062723c751e8b465ee728b)
Start importing Assets/Script/Input/PlayerActions.inputactions using Guid(d3161c9216ed1914ca97ce1cbeccfee8) Importer(815301076,1909f56bfc062723c751e8b465ee728b)  -> (artifact id: 'aba3b72bab563fc7344380fdf9d64788') in 0.013780 seconds
  Import took 0.017424 seconds .

========================================================================
Received Import Request.
  Time since last request: 17.280886 seconds.
  path: Assets/Script/Input/PlayerActionsDiferente.cs
  artifactKey: Guid(4d04964c95a4837439c90face6a49a50) Importer(815301076,1909f56bfc062723c751e8b465ee728b)
Start importing Assets/Script/Input/PlayerActionsDiferente.cs using Guid(4d04964c95a4837439c90face6a49a50) Importer(815301076,1909f56bfc062723c751e8b465ee728b)  -> (artifact id: '1ee190717c862e5a0697eb508b5222ad') in 0.002016 seconds
  Import took 0.004829 seconds .

========================================================================
Received Import Request.
  Time since last request: 0.001493 seconds.
  path: Assets/Script/Input/PlayerActionsDiferente.cs
  artifactKey: Guid(4d04964c95a4837439c90face6a49a50) Importer(815301076,1909f56bfc062723c751e8b465ee728b)
Start importing Assets/Script/Input/PlayerActionsDiferente.cs using Guid(4d04964c95a4837439c90face6a49a50) Importer(815301076,1909f56bfc062723c751e8b465ee728b)  -> (artifact id: '1ee190717c862e5a0697eb508b5222ad') in 0.002051 seconds
  Import took 0.004828 seconds .

========================================================================
Received Import Request.
  Time since last request: 18.747360 seconds.
  path: Assets/Script/Input/PlayerActions.inputactions
  artifactKey: Guid(d3161c9216ed1914ca97ce1cbeccfee8) Importer(815301076,1909f56bfc062723c751e8b465ee728b)
Start importing Assets/Script/Input/PlayerActions.inputactions using Guid(d3161c9216ed1914ca97ce1cbeccfee8) Importer(815301076,1909f56bfc062723c751e8b465ee728b)  -> (artifact id: '268f3f0ac157c101f78df354549dc76c') in 0.003038 seconds
  Import took 0.006415 seconds .

========================================================================
Received Import Request.
  Time since last request: 0.012086 seconds.
  path: Assets/Script/Input/PlayerActions.inputactions
  artifactKey: Guid(d3161c9216ed1914ca97ce1cbeccfee8) Importer(815301076,1909f56bfc062723c751e8b465ee728b)
Start importing Assets/Script/Input/PlayerActions.inputactions using Guid(d3161c9216ed1914ca97ce1cbeccfee8) Importer(815301076,1909f56bfc062723c751e8b465ee728b)  -> (artifact id: '268f3f0ac157c101f78df354549dc76c') in 0.002355 seconds
  Import took 0.005505 seconds .

========================================================================
Received Import Request.
  Time since last request: 3.541161 seconds.
  path: Assets/Script/Input/PlayerActions.cs
  artifactKey: Guid(30c6c2318ecc2584c833a564799e325e) Importer(815301076,1909f56bfc062723c751e8b465ee728b)
Start importing Assets/Script/Input/PlayerActions.cs using Guid(30c6c2318ecc2584c833a564799e325e) Importer(815301076,1909f56bfc062723c751e8b465ee728b)  -> (artifact id: '744ac1021519d4f7bf8d79de0bd70e65') in 0.002136 seconds
  Import took 0.005469 seconds .

========================================================================
Received Import Request.
  Time since last request: 65.863274 seconds.
  path: Assets/Script/Input/PlayerActionsInputThing.inputactions
  artifactKey: Guid(d3161c9216ed1914ca97ce1cbeccfee8) Importer(815301076,1909f56bfc062723c751e8b465ee728b)
Start importing Assets/Script/Input/PlayerActionsInputThing.inputactions using Guid(d3161c9216ed1914ca97ce1cbeccfee8) Importer(815301076,1909f56bfc062723c751e8b465ee728b)  -> (artifact id: '903eaeb3c12be420d563bb46fd1db79e') in 0.006944 seconds
  Import took 0.010602 seconds .

========================================================================
Received Import Request.
  Time since last request: 0.006162 seconds.
  path: Assets/Script/Input/PlayerActionsInputThing.inputactions
  artifactKey: Guid(d3161c9216ed1914ca97ce1cbeccfee8) Importer(815301076,1909f56bfc062723c751e8b465ee728b)
Start importing Assets/Script/Input/PlayerActionsInputThing.inputactions using Guid(d3161c9216ed1914ca97ce1cbeccfee8) Importer(815301076,1909f56bfc062723c751e8b465ee728b)  -> (artifact id: '903eaeb3c12be420d563bb46fd1db79e') in 0.002900 seconds
  Import took 0.006115 seconds .

========================================================================
Received Import Request.
  Time since last request: 2.848962 seconds.
  path: Assets/Script/Input/PlayerActions.cs
  artifactKey: Guid(30c6c2318ecc2584c833a564799e325e) Importer(815301076,1909f56bfc062723c751e8b465ee728b)
Start importing Assets/Script/Input/PlayerActions.cs using Guid(30c6c2318ecc2584c833a564799e325e) Importer(815301076,1909f56bfc062723c751e8b465ee728b)  -> (artifact id: '69448960c4034616a4a67977aa6d3d3b') in 0.002590 seconds
  Import took 0.006483 seconds .

========================================================================
Received Import Request.
  Time since last request: 0.001071 seconds.
  path: Assets/Script/Input/PlayerActions.cs
  artifactKey: Guid(30c6c2318ecc2584c833a564799e325e) Importer(815301076,1909f56bfc062723c751e8b465ee728b)
Start importing Assets/Script/Input/PlayerActions.cs using Guid(30c6c2318ecc2584c833a564799e325e) Importer(815301076,1909f56bfc062723c751e8b465ee728b)  -> (artifact id: '69448960c4034616a4a67977aa6d3d3b') in 0.002303 seconds
  Import took 0.005579 seconds .

========================================================================
Received Import Request.
  Time since last request: 18.939283 seconds.
  path: Assets/Script/Input/PlayerActionsInputThing.inputactions
  artifactKey: Guid(d3161c9216ed1914ca97ce1cbeccfee8) Importer(815301076,1909f56bfc062723c751e8b465ee728b)
Start importing Assets/Script/Input/PlayerActionsInputThing.inputactions using Guid(d3161c9216ed1914ca97ce1cbeccfee8) Importer(815301076,1909f56bfc062723c751e8b465ee728b)  -> (artifact id: '3cd45961030c71d978967b48a6d635c7') in 0.002271 seconds
  Import took 0.005688 seconds .

========================================================================
Received Import Request.
  Time since last request: 0.013550 seconds.
  path: Assets/Script/Input/PlayerActionsInputThing.inputactions
  artifactKey: Guid(d3161c9216ed1914ca97ce1cbeccfee8) Importer(815301076,1909f56bfc062723c751e8b465ee728b)
Start importing Assets/Script/Input/PlayerActionsInputThing.inputactions using Guid(d3161c9216ed1914ca97ce1cbeccfee8) Importer(815301076,1909f56bfc062723c751e8b465ee728b)  -> (artifact id: '3cd45961030c71d978967b48a6d635c7') in 0.002926 seconds
  Import took 0.006303 seconds .

========================================================================
Received Prepare
Registering precompiled user dll's ...
Registered in 0.000779 seconds.
Begin MonoManager ReloadAssembly
Native extension for WindowsStandalone target not found
Refreshing native plugins compatible for Editor in 0.48 ms, found 1 plugins.
Preloading 0 native plugins for Editor in 0.00 ms.
Mono: successfully reloaded assembly
- Completed reload, in  0.821 seconds
Platform modules already initialized, skipping
Refreshing native plugins compatible for Editor in 0.43 ms, found 1 plugins.
Preloading 0 native plugins for Editor in 0.00 ms.
Unloading 2101 Unused Serialized files (Serialized files now loaded: 0)
System memory in use before: 96.0 MB.
System memory in use after: 96.0 MB.

Unloading 13 unused Assets to reduce memory usage. Loaded Objects now: 2622.
Total: 2.009800 ms (FindLiveObjects: 0.208000 ms CreateObjectMapping: 0.089800 ms MarkObjects: 1.611600 ms  DeleteObjects: 0.099600 ms)

========================================================================
Received Prepare
Registering precompiled user dll's ...
Registered in 0.000911 seconds.
Begin MonoManager ReloadAssembly
Native extension for WindowsStandalone target not found
Refreshing native plugins compatible for Editor in 0.34 ms, found 1 plugins.
Preloading 0 native plugins for Editor in 0.00 ms.
Mono: successfully reloaded assembly
- Completed reload, in  0.745 seconds
Platform modules already initialized, skipping
Refreshing native plugins compatible for Editor in 0.39 ms, found 1 plugins.
Preloading 0 native plugins for Editor in 0.00 ms.
Unloading 2101 Unused Serialized files (Serialized files now loaded: 0)
System memory in use before: 96.0 MB.
System memory in use after: 96.0 MB.

Unloading 12 unused Assets to reduce memory usage. Loaded Objects now: 2626.
Total: 2.193200 ms (FindLiveObjects: 0.222100 ms CreateObjectMapping: 0.098700 ms MarkObjects: 1.752700 ms  DeleteObjects: 0.118600 ms)

========================================================================
Received Import Request.
  Time since last request: 88.845598 seconds.
  path: Assets/Script/Input/PlayerActionsInputThing.cs
  artifactKey: Guid(c240b55564674ea4485a5afbe511b24d) Importer(815301076,1909f56bfc062723c751e8b465ee728b)
Start importing Assets/Script/Input/PlayerActionsInputThing.cs using Guid(c240b55564674ea4485a5afbe511b24d) Importer(815301076,1909f56bfc062723c751e8b465ee728b)  -> (artifact id: 'f170d0785a52654549fb4bbd5bc56154') in 0.004943 seconds
  Import took 0.007969 seconds .

========================================================================
Received Import Request.
  Time since last request: 0.021226 seconds.
  path: Assets/Script/Input/PlayerActionsInputThing.cs
  artifactKey: Guid(c240b55564674ea4485a5afbe511b24d) Importer(815301076,1909f56bfc062723c751e8b465ee728b)
Start importing Assets/Script/Input/PlayerActionsInputThing.cs using Guid(c240b55564674ea4485a5afbe511b24d) Importer(815301076,1909f56bfc062723c751e8b465ee728b)  -> (artifact id: 'f170d0785a52654549fb4bbd5bc56154') in 0.002515 seconds
  Import took 0.006111 seconds .

========================================================================
Received Import Request.
  Time since last request: 22.334648 seconds.
  path: Assets/Script/Input/Jose.inputactions
  artifactKey: Guid(f5a6ee058b4fea44ba783e9fc0adb872) Importer(815301076,1909f56bfc062723c751e8b465ee728b)
Start importing Assets/Script/Input/Jose.inputactions using Guid(f5a6ee058b4fea44ba783e9fc0adb872) Importer(815301076,1909f56bfc062723c751e8b465ee728b)  -> (artifact id: '61f4530236f941c982ad3bf0e5a97bf5') in 0.015718 seconds
  Import took 0.018714 seconds .

========================================================================
Received Import Request.
  Time since last request: 46.656410 seconds.
  path: Assets/Script/Input/Jose.inputactions
  artifactKey: Guid(f5a6ee058b4fea44ba783e9fc0adb872) Importer(815301076,1909f56bfc062723c751e8b465ee728b)
Start importing Assets/Script/Input/Jose.inputactions using Guid(f5a6ee058b4fea44ba783e9fc0adb872) Importer(815301076,1909f56bfc062723c751e8b465ee728b)  -> (artifact id: '172918a19af9aee66cdead0d865229e8') in 0.004541 seconds
  Import took 0.007558 seconds .

========================================================================
Received Import Request.
  Time since last request: 0.007420 seconds.
  path: Assets/Script/Input/Jose.inputactions
  artifactKey: Guid(f5a6ee058b4fea44ba783e9fc0adb872) Importer(815301076,1909f56bfc062723c751e8b465ee728b)
Start importing Assets/Script/Input/Jose.inputactions using Guid(f5a6ee058b4fea44ba783e9fc0adb872) Importer(815301076,1909f56bfc062723c751e8b465ee728b)  -> (artifact id: '172918a19af9aee66cdead0d865229e8') in 0.003056 seconds
  Import took 0.006321 seconds .

========================================================================
Received Import Request.
  Time since last request: 3.400980 seconds.
  path: Assets/Script/Input/Jose.inputactions
  artifactKey: Guid(f5a6ee058b4fea44ba783e9fc0adb872) Importer(815301076,1909f56bfc062723c751e8b465ee728b)
Start importing Assets/Script/Input/Jose.inputactions using Guid(f5a6ee058b4fea44ba783e9fc0adb872) Importer(815301076,1909f56bfc062723c751e8b465ee728b)  -> (artifact id: '6641239c4692c67baabbcb584608bf69') in 0.003305 seconds
  Import took 0.006398 seconds .

========================================================================
Received Import Request.
  Time since last request: 0.012584 seconds.
  path: Assets/Script/Input/Jose.inputactions
  artifactKey: Guid(f5a6ee058b4fea44ba783e9fc0adb872) Importer(815301076,1909f56bfc062723c751e8b465ee728b)
Start importing Assets/Script/Input/Jose.inputactions using Guid(f5a6ee058b4fea44ba783e9fc0adb872) Importer(815301076,1909f56bfc062723c751e8b465ee728b)  -> (artifact id: '6641239c4692c67baabbcb584608bf69') in 0.002995 seconds
  Import took 0.006143 seconds .

========================================================================
Received Prepare
Registering precompiled user dll's ...
Registered in 0.000781 seconds.
Begin MonoManager ReloadAssembly
Native extension for WindowsStandalone target not found
Refreshing native plugins compatible for Editor in 0.34 ms, found 1 plugins.
Preloading 0 native plugins for Editor in 0.00 ms.
Mono: successfully reloaded assembly
- Completed reload, in  0.767 seconds
Platform modules already initialized, skipping
Refreshing native plugins compatible for Editor in 0.35 ms, found 1 plugins.
Preloading 0 native plugins for Editor in 0.00 ms.
Unloading 2101 Unused Serialized files (Serialized files now loaded: 0)
System memory in use before: 96.0 MB.
System memory in use after: 96.0 MB.

Unloading 13 unused Assets to reduce memory usage. Loaded Objects now: 2630.
Total: 2.025800 ms (FindLiveObjects: 0.192100 ms CreateObjectMapping: 0.090400 ms MarkObjects: 1.647500 ms  DeleteObjects: 0.094800 ms)

========================================================================
Received Prepare
Registering precompiled user dll's ...
Registered in 0.000775 seconds.
Begin MonoManager ReloadAssembly
Native extension for WindowsStandalone target not found
Refreshing native plugins compatible for Editor in 0.34 ms, found 1 plugins.
Preloading 0 native plugins for Editor in 0.00 ms.
Mono: successfully reloaded assembly
- Completed reload, in  0.758 seconds
Platform modules already initialized, skipping
Refreshing native plugins compatible for Editor in 0.34 ms, found 1 plugins.
Preloading 0 native plugins for Editor in 0.00 ms.
Unloading 2101 Unused Serialized files (Serialized files now loaded: 0)
System memory in use before: 96.0 MB.
System memory in use after: 96.0 MB.

Unloading 12 unused Assets to reduce memory usage. Loaded Objects now: 2634.
Total: 1.957900 ms (FindLiveObjects: 0.220800 ms CreateObjectMapping: 0.086200 ms MarkObjects: 1.561000 ms  DeleteObjects: 0.089100 ms)

AssetImportWorkerClient::OnTransportError - code=2 error=End of file
